<?xml version="1.0" encoding="UTF-8"?>
<!-- Generated by org.testng.reporters.JUnitReportReporter -->
<testsuite skipped="0" hostname="DESKTOP-3J7R858" name="tests.FourTest" tests="1" failures="0" timestamp="2022-06-20T13:14:58 IST" time="54.445" errors="0">
  <testcase name="fourTest" time="54.445" classname="tests.FourTest"/>
  <system-out/>
</testsuite> <!-- tests.FourTest -->
