<?xml version="1.0" encoding="UTF-8"?>
<!-- Generated by org.testng.reporters.JUnitReportReporter -->
<testsuite skipped="0" hostname="DESKTOP-3J7R858" name="tests.LoginTest" tests="2" failures="0" timestamp="2022-06-20T13:14:58 IST" time="139.681" errors="0">
  <testcase name="login" time="72.436" classname="tests.LoginTest"/>
  <system-out/>
  <testcase name="login" time="67.245" classname="tests.LoginTest"/>
  <system-out/>
</testsuite> <!-- tests.LoginTest -->
