<?xml version="1.0" encoding="UTF-8"?>
<!-- Generated by org.testng.reporters.JUnitReportReporter -->
<testsuite skipped="0" hostname="DESKTOP-3J7R858" name="tests.ThreeTest" tests="1" failures="0" timestamp="2022-06-20T13:14:58 IST" time="69.662" errors="0">
  <testcase name="threeTest" time="69.662" classname="tests.ThreeTest"/>
  <system-out/>
</testsuite> <!-- tests.ThreeTest -->
