<?xml version="1.0" encoding="UTF-8"?>
<!-- Generated by org.testng.reporters.JUnitReportReporter -->
<testsuite skipped="0" hostname="DESKTOP-3J7R858" name="tests.TwoTest" tests="1" failures="0" timestamp="2022-06-22T11:49:25 IST" time="38.328" errors="0">
  <testcase name="twoTest" time="38.328" classname="tests.TwoTest"/>
  <system-out/>
</testsuite> <!-- tests.TwoTest -->
