<?xml version="1.0" encoding="UTF-8"?>
<!-- Generated by org.testng.reporters.JUnitReportReporter -->
<testsuite skipped="0" hostname="DESKTOP-3J7R858" name="tests.FourTest" tests="1" failures="0" timestamp="2022-06-22T11:49:25 IST" time="31.639" errors="0">
  <testcase name="fourTest" time="31.639" classname="tests.FourTest"/>
  <system-out/>
</testsuite> <!-- tests.FourTest -->
