<?xml version="1.0" encoding="UTF-8"?>
<!-- Generated by org.testng.reporters.JUnitReportReporter -->
<testsuite skipped="0" hostname="DESKTOP-3J7R858" name="tests.LoginTest" tests="2" failures="0" timestamp="2022-06-22T11:49:25 IST" time="61.145" errors="0">
  <testcase name="login" time="22.584" classname="tests.LoginTest"/>
  <system-out/>
  <testcase name="login" time="38.561" classname="tests.LoginTest"/>
  <system-out/>
</testsuite> <!-- tests.LoginTest -->
